<?xml version="1.0" encoding="UTF-8"?>
<!-- Generated by org.testng.reporters.JUnitReportReporter -->
<testsuite skipped="0" hostname="DESKTOP-M05BBAF" name="PractiseGit2.Demo2" tests="1" failures="0" timestamp="12 Mar 2022 07:35:26 GMT" time="0.020" errors="0">
  <testcase name="demo" time="0.020" classname="PractiseGit2.Demo2"/>
</testsuite> <!-- PractiseGit2.Demo2 -->
